<?xml version="1.0" encoding="UTF-8"?>
<testsuite xmlns:xsi="http://www.w3.org/2001/XMLSchema-instance" xsi:noNamespaceSchemaLocation="https://maven.apache.org/surefire/maven-surefire-plugin/xsd/surefire-test-report.xsd" name="SampleTest" time="0.921" tests="5" errors="0" skipped="4" failures="1">
  <properties>
[...]
</properties>
  <testcase name="setUpConfigurations" classname="SampleTest" time="0.647">
    <failure message="F:\Dropbox\QA\Maven\Practicles\SeleniumAutomationLibrary\SeleniumAutomationLibrary\src\test\resources\configs.properties (The system cannot find the file specified)" type="java.io.FileNotFoundException">java.io.FileNotFoundException: F:\Dropbox\QA\Maven\Practicles\SeleniumAutomationLibrary\SeleniumAutomationLibrary\src\test\resources\configs.properties (The system cannot find the file specified)
</failure>
  </testcase>
  <testcase name="setupBrowser" classname="SampleTest" time="0">
    <skipped/>
  </testcase>
  <testcase name="loadBrowserTest" classname="SampleTest" time="0">
    <skipped message="F:\Dropbox\QA\Maven\Practicles\SeleniumAutomationLibrary\SeleniumAutomationLibrary\src\test\resources\configs.properties (The system cannot find the file specified)"/>
  </testcase>
  <testcase name="testDownBrowser" classname="SampleTest" time="0">
    <skipped/>
  </testcase>
  <testcase name="teardownObjects" classname="SampleTest" time="0">
    <skipped/>
  </testcase>
</testsuite>